0 info it worked if it ends with ok
1 verbose cli [ '/usr/bin/node',
1 verbose cli   '/usr/bin/npm',
1 verbose cli   'install',
1 verbose cli   '-g',
1 verbose cli   'generator-angular' ]
2 info using npm@1.4.28
3 info using node@v0.10.33
4 verbose node symlink /usr/bin/node
5 verbose cache add [ 'generator-angular', null ]
6 verbose cache add name=undefined spec="generator-angular" args=["generator-angular",null]
7 verbose parsed url { protocol: null,
7 verbose parsed url   slashes: null,
7 verbose parsed url   auth: null,
7 verbose parsed url   host: null,
7 verbose parsed url   port: null,
7 verbose parsed url   hostname: null,
7 verbose parsed url   hash: null,
7 verbose parsed url   search: null,
7 verbose parsed url   query: null,
7 verbose parsed url   pathname: 'generator-angular',
7 verbose parsed url   path: 'generator-angular',
7 verbose parsed url   href: 'generator-angular' }
8 silly lockFile 458e0b50-generator-angular generator-angular
9 verbose lock generator-angular /home/ruben/.npm/458e0b50-generator-angular.lock
10 silly lockFile 458e0b50-generator-angular generator-angular
11 silly lockFile 458e0b50-generator-angular generator-angular
12 verbose addNamed [ 'generator-angular', '' ]
13 verbose addNamed [ null, '*' ]
14 silly lockFile 0345f598-generator-angular generator-angular@
15 verbose lock generator-angular@ /home/ruben/.npm/0345f598-generator-angular.lock
16 silly addNameRange { name: 'generator-angular', range: '*', hasData: false }
17 verbose request where is /generator-angular
18 verbose request registry https://registry.npmjs.org/
19 verbose request id be14973bba86cb9b
20 verbose url raw /generator-angular
21 verbose url resolving [ 'https://registry.npmjs.org/', './generator-angular' ]
22 verbose url resolved https://registry.npmjs.org/generator-angular
23 verbose request where is https://registry.npmjs.org/generator-angular
24 info trying registry request attempt 1 at 15:16:12
25 http GET https://registry.npmjs.org/generator-angular
26 http 200 https://registry.npmjs.org/generator-angular
27 silly registry.get cb [ 200,
27 silly registry.get   { date: 'Sun, 04 Jan 2015 15:16:12 GMT',
27 silly registry.get     server: 'CouchDB/1.5.0 (Erlang OTP/R16B03)',
27 silly registry.get     etag: '"7ENCGDR8TQSH3KHR0R2LQZM3X"',
27 silly registry.get     'content-type': 'application/json',
27 silly registry.get     'cache-control': 'max-age=60',
27 silly registry.get     'content-length': '59861',
27 silly registry.get     'accept-ranges': 'bytes',
27 silly registry.get     via: '1.1 varnish',
27 silly registry.get     age: '0',
27 silly registry.get     'x-served-by': 'cache-lcy1128-LCY',
27 silly registry.get     'x-cache': 'HIT',
27 silly registry.get     'x-cache-hits': '1',
27 silly registry.get     'x-timer': 'S1420384572.427823,VS0,VE152',
27 silly registry.get     vary: 'Accept',
27 silly registry.get     'keep-alive': 'timeout=10, max=50',
27 silly registry.get     connection: 'Keep-Alive' } ]
28 silly addNameRange number 2 { name: 'generator-angular', range: '*', hasData: true }
29 silly addNameRange versions [ 'generator-angular',
29 silly addNameRange   [ '0.1.0',
29 silly addNameRange     '0.1.1',
29 silly addNameRange     '0.1.2',
29 silly addNameRange     '0.1.3',
29 silly addNameRange     '0.1.4',
29 silly addNameRange     '0.1.5',
29 silly addNameRange     '0.2.0',
29 silly addNameRange     '0.2.1',
29 silly addNameRange     '0.2.2',
29 silly addNameRange     '0.3.0',
29 silly addNameRange     '0.3.1',
29 silly addNameRange     '0.4.0',
29 silly addNameRange     '0.5.0',
29 silly addNameRange     '0.5.1',
29 silly addNameRange     '0.6.0-rc.1',
29 silly addNameRange     '0.6.0-rc.2',
29 silly addNameRange     '0.6.0',
29 silly addNameRange     '0.7.0',
29 silly addNameRange     '0.7.1',
29 silly addNameRange     '0.8.0',
29 silly addNameRange     '0.9.0-0',
29 silly addNameRange     '0.9.0-1',
29 silly addNameRange     '0.9.0',
29 silly addNameRange     '0.9.1',
29 silly addNameRange     '0.9.2',
29 silly addNameRange     '0.9.3',
29 silly addNameRange     '0.9.5',
29 silly addNameRange     '0.9.6',
29 silly addNameRange     '0.9.7',
29 silly addNameRange     '0.9.8',
29 silly addNameRange     '0.10.0' ] ]
30 verbose addNamed [ 'generator-angular', '0.10.0' ]
31 verbose addNamed [ '0.10.0', '0.10.0' ]
32 silly lockFile 5c2f16cf-generator-angular-0-10-0 generator-angular@0.10.0
33 verbose lock generator-angular@0.10.0 /home/ruben/.npm/5c2f16cf-generator-angular-0-10-0.lock
34 silly lockFile 7cffb57c-lar-generator-angular-0-10-0-tgz https://registry.npmjs.org/generator-angular/-/generator-angular-0.10.0.tgz
35 verbose lock https://registry.npmjs.org/generator-angular/-/generator-angular-0.10.0.tgz /home/ruben/.npm/7cffb57c-lar-generator-angular-0-10-0-tgz.lock
36 verbose addRemoteTarball [ 'https://registry.npmjs.org/generator-angular/-/generator-angular-0.10.0.tgz',
36 verbose addRemoteTarball   '5eac8abc723da386d0fe6a4e722b06948d7b7d24' ]
37 info retry fetch attempt 1 at 15:16:12
38 verbose fetch to= /tmp/npm-7124-W6DT3lKb/registry.npmjs.org/generator-angular/-/generator-angular-0.10.0.tgz
39 http GET https://registry.npmjs.org/generator-angular/-/generator-angular-0.10.0.tgz
40 http 200 https://registry.npmjs.org/generator-angular/-/generator-angular-0.10.0.tgz
41 silly lockFile 7cffb57c-lar-generator-angular-0-10-0-tgz https://registry.npmjs.org/generator-angular/-/generator-angular-0.10.0.tgz
42 silly lockFile 7cffb57c-lar-generator-angular-0-10-0-tgz https://registry.npmjs.org/generator-angular/-/generator-angular-0.10.0.tgz
43 silly lockFile 5c2f16cf-generator-angular-0-10-0 generator-angular@0.10.0
44 silly lockFile 5c2f16cf-generator-angular-0-10-0 generator-angular@0.10.0
45 silly lockFile 0345f598-generator-angular generator-angular@
46 silly lockFile 0345f598-generator-angular generator-angular@
47 silly resolved [ { name: 'generator-angular',
47 silly resolved     version: '0.10.0',
47 silly resolved     description: 'Yeoman generator for AngularJS',
47 silly resolved     keywords:
47 silly resolved      [ 'yeoman-generator',
47 silly resolved        'scaffold',
47 silly resolved        'framework',
47 silly resolved        'component',
47 silly resolved        'front-end',
47 silly resolved        'app',
47 silly resolved        'angular' ],
47 silly resolved     author: { name: 'The Yeoman Team' },
47 silly resolved     main: 'app/index.js',
47 silly resolved     files:
47 silly resolved      [ 'app',
47 silly resolved        'common',
47 silly resolved        'constant',
47 silly resolved        'controller',
47 silly resolved        'decorator',
47 silly resolved        'directive',
47 silly resolved        'factory',
47 silly resolved        'filter',
47 silly resolved        'main',
47 silly resolved        'provider',
47 silly resolved        'route',
47 silly resolved        'service',
47 silly resolved        'templates',
47 silly resolved        'value',
47 silly resolved        'view',
47 silly resolved        'script-base.js',
47 silly resolved        'util.js' ],
47 silly resolved     repository:
47 silly resolved      { type: 'git',
47 silly resolved        url: 'https://github.com/yeoman/generator-angular' },
47 silly resolved     scripts: { test: 'mocha' },
47 silly resolved     dependencies:
47 silly resolved      { wiredep: '^1.0.0',
47 silly resolved        'yeoman-generator': '^0.16.0',
47 silly resolved        yosay: '^0.2.0',
47 silly resolved        chalk: '^0.4.0' },
47 silly resolved     peerDependencies: { 'generator-karma': '>=0.8.2', yo: '>=1.0.0' },
47 silly resolved     devDependencies:
47 silly resolved      { grunt: '~0.4.1',
47 silly resolved        'grunt-contrib-jshint': '~0.8.0',
47 silly resolved        'grunt-conventional-changelog': '~1.1.0',
47 silly resolved        'grunt-release': '~0.6.0',
47 silly resolved        'load-grunt-tasks': '~0.3.0',
47 silly resolved        mocha: '*',
47 silly resolved        semver: '~2.3.0',
47 silly resolved        'underscore.string': '~2.3.1' },
47 silly resolved     engines: { node: '>=0.10.0', npm: '>=1.2.10' },
47 silly resolved     licenses: [ [Object] ],
47 silly resolved     gitHead: '4a9fcb756d2fd02ef8df04c08825cc8c5bd71347',
47 silly resolved     bugs: { url: 'https://github.com/yeoman/generator-angular/issues' },
47 silly resolved     homepage: 'https://github.com/yeoman/generator-angular',
47 silly resolved     _id: 'generator-angular@0.10.0',
47 silly resolved     _shasum: '5eac8abc723da386d0fe6a4e722b06948d7b7d24',
47 silly resolved     _from: 'generator-angular@',
47 silly resolved     _npmVersion: '2.1.4',
47 silly resolved     _nodeVersion: '0.10.32',
47 silly resolved     _npmUser: { name: 'eddiemonge', email: 'eddie+npm@eddiemonge.com' },
47 silly resolved     maintainers:
47 silly resolved      [ [Object],
47 silly resolved        [Object],
47 silly resolved        [Object],
47 silly resolved        [Object],
47 silly resolved        [Object],
47 silly resolved        [Object],
47 silly resolved        [Object] ],
47 silly resolved     dist:
47 silly resolved      { shasum: '5eac8abc723da386d0fe6a4e722b06948d7b7d24',
47 silly resolved        tarball: 'http://registry.npmjs.org/generator-angular/-/generator-angular-0.10.0.tgz' },
47 silly resolved     directories: {},
47 silly resolved     _resolved: 'https://registry.npmjs.org/generator-angular/-/generator-angular-0.10.0.tgz' } ]
48 info install generator-angular@0.10.0 into /usr/lib
49 info installOne generator-angular@0.10.0
50 verbose lib/node_modules/generator-angular unbuild
51 verbose tar unpack /home/ruben/.npm/generator-angular/0.10.0/package.tgz
52 silly lockFile 9c6101a0-b-node-modules-generator-angular tar:///usr/lib/node_modules/generator-angular
53 verbose lock tar:///usr/lib/node_modules/generator-angular /home/ruben/.npm/9c6101a0-b-node-modules-generator-angular.lock
54 silly lockFile f60f44e1-rator-angular-0-10-0-package-tgz tar:///home/ruben/.npm/generator-angular/0.10.0/package.tgz
55 verbose lock tar:///home/ruben/.npm/generator-angular/0.10.0/package.tgz /home/ruben/.npm/f60f44e1-rator-angular-0-10-0-package-tgz.lock
56 silly gunzTarPerm modes [ '775', '664' ]
57 error Error: EACCES, mkdir '/usr/lib/node_modules/generator-angular'
57 error  { [Error: EACCES, mkdir '/usr/lib/node_modules/generator-angular']
57 error   errno: 3,
57 error   code: 'EACCES',
57 error   path: '/usr/lib/node_modules/generator-angular',
57 error   fstream_type: 'Directory',
57 error   fstream_path: '/usr/lib/node_modules/generator-angular',
57 error   fstream_class: 'DirWriter',
57 error   fstream_stack:
57 error    [ '/usr/lib/node_modules/npm/node_modules/fstream/lib/dir-writer.js:36:23',
57 error      '/usr/lib/node_modules/npm/node_modules/mkdirp/index.js:46:53',
57 error      'Object.oncomplete (fs.js:107:15)' ] }
58 error Please try running this command again as root/Administrator.
59 error System Linux 3.16.0-28-generic
60 error command "/usr/bin/node" "/usr/bin/npm" "install" "-g" "generator-angular"
61 error cwd /home/ruben/play/psidi-app
62 error node -v v0.10.33
63 error npm -v 1.4.28
64 error path /usr/lib/node_modules/generator-angular
65 error fstream_path /usr/lib/node_modules/generator-angular
66 error fstream_type Directory
67 error fstream_class DirWriter
68 error code EACCES
69 error errno 3
70 error stack Error: EACCES, mkdir '/usr/lib/node_modules/generator-angular'
71 error fstream_stack /usr/lib/node_modules/npm/node_modules/fstream/lib/dir-writer.js:36:23
71 error fstream_stack /usr/lib/node_modules/npm/node_modules/mkdirp/index.js:46:53
71 error fstream_stack Object.oncomplete (fs.js:107:15)
72 verbose exit [ 3, true ]
